2017-08-18 17:03:39 [127.0.0.1][-][-][error][yii\elasticsearch\Exception] exception 'yii\elasticsearch\Exception' with message 'Elasticsearch request failed: 7 - Failed to connect to 127.0.0.1 port 9200: Connection refused' in E:\GitHubFiles\PHP\logUI\vendor\yiisoft\yii2-elasticsearch\Connection.php:451
Stack trace:
#0 E:\GitHubFiles\PHP\logUI\vendor\yiisoft\yii2-elasticsearch\Connection.php(157): yii\elasticsearch\Connection->httpRequest('GET', 'http://127.0.0....')
#1 E:\GitHubFiles\PHP\logUI\vendor\yiisoft\yii2-elasticsearch\Connection.php(137): yii\elasticsearch\Connection->populateNodes()
#2 E:\GitHubFiles\PHP\logUI\vendor\yiisoft\yii2-elasticsearch\Connection.php(226): yii\elasticsearch\Connection->open()
#3 E:\GitHubFiles\PHP\logUI\models\Elastic.php(15): yii\elasticsearch\Connection->createCommand()
#4 E:\GitHubFiles\PHP\logUI\models\Elastic.php(10): app\models\Elastic::getCommand()
#5 E:\GitHubFiles\PHP\logUI\controllers\SiteController.php(63): app\models\Elastic::getIndex()
#6 [internal function]: app\controllers\SiteController->actionIndex()
#7 E:\GitHubFiles\PHP\logUI\vendor\yiisoft\yii2\base\InlineAction.php(57): call_user_func_array(Array, Array)
#8 E:\GitHubFiles\PHP\logUI\vendor\yiisoft\yii2\base\Controller.php(156): yii\base\InlineAction->runWithParams(Array)
#9 E:\GitHubFiles\PHP\logUI\vendor\yiisoft\yii2\base\Module.php(523): yii\base\Controller->runAction('', Array)
#10 E:\GitHubFiles\PHP\logUI\vendor\yiisoft\yii2\web\Application.php(102): yii\base\Module->runAction('', Array)
#11 E:\GitHubFiles\PHP\logUI\vendor\yiisoft\yii2\base\Application.php(380): yii\web\Application->handleRequest(Object(yii\web\Request))
#12 E:\GitHubFiles\PHP\logUI\web\index.php(12): yii\base\Application->run()
#13 {main}
Additional Information:
Array
(
    [requestMethod] => GET
    [requestUrl] => http://127.0.0.1:9200/_nodes
    [requestBody] => 
    [responseHeaders] => Array
        (
        )

    [responseBody] => 
)

2017-08-18 17:03:38 [127.0.0.1][-][-][info][application] $_COOKIE = [
    '_csrf' => '0cb5d959670107b1e573d3bf1a15b8e7de6485ede1aa01f78e266512a3f58f40a:2:{i:0;s:5:\"_csrf\";i:1;s:32:\"wsxJ60YZUYfxWze_PLiFrvQ88rXtfD-U\";}'
]

$_SERVER = [
    'ALLUSERSPROFILE' => 'C:\\ProgramData'
    'ANDROID_HOME' => 'D:\\myprogress\\myJavaDevelop\\Studio\\Android\\sdk'
    'APPDATA' => 'C:\\Users\\Administrator\\AppData\\Roaming'
    'ChocolateyInstall' => 'C:\\ProgramData\\chocolatey'
    'ChocolateyLastPathUpdate' => 'Tue Aug 23 11:30:16 2016'
    'ChocolateyToolsLocation' => 'C:\\tools'
    'CLASSPATH' => '.;C:\\Program Files\\Java\\jdk1.8.0_112\\lib\\dt.jar;C:\\Program Files\\Java\\jdk1.8.0_112\\lib\\tools.jar;'
    'CommonProgramFiles' => 'C:\\Program Files (x86)\\Common Files'
    'CommonProgramFiles(x86)' => 'C:\\Program Files (x86)\\Common Files'
    'CommonProgramW6432' => 'C:\\Program Files\\Common Files'
    'COMPUTERNAME' => 'DELL-PC'
    'ComSpec' => 'C:\\Windows\\system32\\cmd.exe'
    'FP_NO_HOST_CHECK' => 'NO'
    'GOPATH' => 'E:\\GitHubFiles\\Golang'
    'GOROOT' => 'C:\\Go\\'
    'HOMEDRIVE' => 'C:'
    'HOMEPATH' => '\\Users\\Administrator'
    'JAVA_HOME' => 'C:\\Program Files\\Java\\jdk1.8.0_112'
    'LOCALAPPDATA' => 'C:\\Users\\Administrator\\AppData\\Local'
    'LOGONSERVER' => '\\\\DELL-PC'
    'NUMBER_OF_PROCESSORS' => '4'
    'OS' => 'Windows_NT'
    'Path' => 'C:\\Python27\\;C:\\Python27\\Scripts;C:\\Program Files\\Java\\jdk1.8.0_112\\bin;C:\\Program Files\\Java\\jdk1.8.0_112\\jre\\bin;C:\\ProgramData\\Oracle\\Java\\javapath;D:\\myprogress\\myJavaDevelop\\Studio\\Android\\sdk\\platform-tools;C:\\Program Files\\Java\\jdk1.8.0_112\\bin;C:\\Windows\\system32;C:\\Windows;C:\\Windows\\System32\\Wbem;C:\\Windows\\System32\\WindowsPowerShell\\v1.0\\;C:\\Program Files (x86)\\AMD\\ATI.ACE\\Core-Static;C:\\ProgramData\\chocolatey\\bin;C:\\tools\\python2;D:\\MySQL\\mysql-5.7.13\\bin;C:\\wnmp\\php;C:\\wnmp\\php\\ext;C:\\Program Files\\Oracle\\VirtualBox;C:\\Program Files (x86)\\OpenVPN\\bin;C:\\Go\\bin;C:\\HashiCorp\\Vagrant\\bin;C:\\Program Files\\nodejs\\;C:\\Program Files\\Git\\cmd;C:\\Users\\Administrator\\AppData\\Roaming\\npm'
    'PATHEXT' => '.COM;.EXE;.BAT;.CMD;.VBS;.VBE;.JS;.JSE;.WSF;.WSH;.MSC'
    'PROCESSOR_ARCHITECTURE' => 'x86'
    'PROCESSOR_ARCHITEW6432' => 'AMD64'
    'PROCESSOR_IDENTIFIER' => 'Intel64 Family 6 Model 94 Stepping 3, GenuineIntel'
    'PROCESSOR_LEVEL' => '6'
    'PROCESSOR_REVISION' => '5e03'
    'ProgramData' => 'C:\\ProgramData'
    'ProgramFiles' => 'C:\\Program Files (x86)'
    'ProgramFiles(x86)' => 'C:\\Program Files (x86)'
    'ProgramW6432' => 'C:\\Program Files'
    'PSModulePath' => 'C:\\Windows\\system32\\WindowsPowerShell\\v1.0\\Modules\\'
    'PUBLIC' => 'C:\\Users\\Public'
    'SESSIONNAME' => 'Console'
    'SystemDrive' => 'C:'
    'SystemRoot' => 'C:\\Windows'
    'TEMP' => 'C:\\Users\\ADMINI~1\\AppData\\Local\\Temp'
    'TMP' => 'C:\\Users\\ADMINI~1\\AppData\\Local\\Temp'
    'USERDOMAIN' => 'dell-PC'
    'USERNAME' => 'Administrator'
    'USERPROFILE' => 'C:\\Users\\Administrator'
    'VBOX_MSI_INSTALL_PATH' => 'C:\\Program Files\\Oracle\\VirtualBox\\'
    'windir' => 'C:\\Windows'
    'windows_tracing_flags' => '3'
    'windows_tracing_logfile' => 'C:\\BVTBin\\Tests\\installpackage\\csilogfile.log'
    'HTTP_COOKIE' => '_csrf=0cb5d959670107b1e573d3bf1a15b8e7de6485ede1aa01f78e266512a3f58f40a%3A2%3A%7Bi%3A0%3Bs%3A5%3A%22_csrf%22%3Bi%3A1%3Bs%3A32%3A%22wsxJ60YZUYfxWze_PLiFrvQ88rXtfD-U%22%3B%7D'
    'HTTP_ACCEPT_LANGUAGE' => 'zh-CN,zh;q=0.8'
    'HTTP_ACCEPT_ENCODING' => 'gzip, deflate'
    'HTTP_ACCEPT' => 'text/html,application/xhtml+xml,application/xml;q=0.9,image/webp,image/apng,*/*;q=0.8'
    'HTTP_USER_AGENT' => 'Mozilla/5.0 (Windows NT 6.1; WOW64) AppleWebKit/537.36 (KHTML, like Gecko) Chrome/60.0.3112.90 Safari/537.36'
    'HTTP_UPGRADE_INSECURE_REQUESTS' => '1'
    'HTTP_CACHE_CONTROL' => 'max-age=0'
    'HTTP_CONNECTION' => 'keep-alive'
    'HTTP_HOST' => 'ysk.elasticui.com'
    'REDIRECT_STATUS' => '200'
    'SERVER_NAME' => 'ysk.elasticui.com'
    'SERVER_PORT' => '80'
    'SERVER_ADDR' => '127.0.0.1'
    'REMOTE_PORT' => '58494'
    'REMOTE_ADDR' => '127.0.0.1'
    'SERVER_SOFTWARE' => 'nginx/1.11.5'
    'GATEWAY_INTERFACE' => 'CGI/1.1'
    'SERVER_PROTOCOL' => 'HTTP/1.1'
    'DOCUMENT_ROOT' => 'E:\\GitHubFiles\\PHP\\logUI'
    'DOCUMENT_URI' => '/web/index.php'
    'REQUEST_URI' => '/web/index.php'
    'SCRIPT_NAME' => '/web/index.php'
    'CONTENT_LENGTH' => ''
    'CONTENT_TYPE' => ''
    'REQUEST_METHOD' => 'GET'
    'QUERY_STRING' => ''
    'PATH_TRANSLATED' => 'E:\\GitHubFiles\\PHP\\logUI'
    'PATH_INFO' => ''
    'SCRIPT_FILENAME' => 'E:\\GitHubFiles\\PHP\\logUI/web/index.php'
    'FCGI_ROLE' => 'RESPONDER'
    'PHP_SELF' => '/web/index.php'
    'REQUEST_TIME_FLOAT' => 1503047018.7032
    'REQUEST_TIME' => 1503047018
]
2017-08-21 11:34:26 [127.0.0.1][-][-][error][yii\base\ErrorException:2] exception 'yii\base\ErrorException' with message 'sort() expects parameter 1 to be array, null given' in E:\GitHubFiles\PHP\logUI\controllers\SiteController.php:68
Stack trace:
#0 [internal function]: yii\base\ErrorHandler->handleError(2, 'sort() expects ...', 'E:\\GitHubFiles\\...', 68, Array)
#1 E:\GitHubFiles\PHP\logUI\controllers\SiteController.php(68): sort('<span class="ke...')
#2 [internal function]: app\controllers\SiteController->actionIndex()
#3 E:\GitHubFiles\PHP\logUI\vendor\yiisoft\yii2\base\InlineAction.php(57): call_user_func_array(Array, Array)
#4 E:\GitHubFiles\PHP\logUI\vendor\yiisoft\yii2\base\Controller.php(156): yii\base\InlineAction->runWithParams(Array)
#5 E:\GitHubFiles\PHP\logUI\vendor\yiisoft\yii2\base\Module.php(523): yii\base\Controller->runAction('', Array)
#6 E:\GitHubFiles\PHP\logUI\vendor\yiisoft\yii2\web\Application.php(102): yii\base\Module->runAction('', Array)
#7 E:\GitHubFiles\PHP\logUI\vendor\yiisoft\yii2\base\Application.php(380): yii\web\Application->handleRequest(Object(yii\web\Request))
#8 E:\GitHubFiles\PHP\logUI\web\index.php(12): yii\base\Application->run()
#9 {main}
2017-08-21 11:34:25 [127.0.0.1][-][-][info][application] $_SERVER = [
    'ALLUSERSPROFILE' => 'C:\\ProgramData'
    'ANDROID_HOME' => 'D:\\myprogress\\myJavaDevelop\\Studio\\Android\\sdk'
    'APPDATA' => 'C:\\Users\\Administrator\\AppData\\Roaming'
    'ChocolateyInstall' => 'C:\\ProgramData\\chocolatey'
    'ChocolateyLastPathUpdate' => 'Tue Aug 23 11:30:16 2016'
    'ChocolateyToolsLocation' => 'C:\\tools'
    'CLASSPATH' => '.;C:\\Program Files\\Java\\jdk1.8.0_112\\lib\\dt.jar;C:\\Program Files\\Java\\jdk1.8.0_112\\lib\\tools.jar;'
    'CommonProgramFiles' => 'C:\\Program Files (x86)\\Common Files'
    'CommonProgramFiles(x86)' => 'C:\\Program Files (x86)\\Common Files'
    'CommonProgramW6432' => 'C:\\Program Files\\Common Files'
    'COMPUTERNAME' => 'DELL-PC'
    'ComSpec' => 'C:\\Windows\\system32\\cmd.exe'
    'FP_NO_HOST_CHECK' => 'NO'
    'GOPATH' => 'E:\\GitHubFiles\\Golang'
    'GOROOT' => 'C:\\Go\\'
    'HOMEDRIVE' => 'C:'
    'HOMEPATH' => '\\Users\\Administrator'
    'JAVA_HOME' => 'C:\\Program Files\\Java\\jdk1.8.0_112'
    'LOCALAPPDATA' => 'C:\\Users\\Administrator\\AppData\\Local'
    'LOGONSERVER' => '\\\\DELL-PC'
    'NUMBER_OF_PROCESSORS' => '4'
    'OS' => 'Windows_NT'
    'Path' => 'C:\\Python27\\;C:\\Python27\\Scripts;C:\\Program Files\\Java\\jdk1.8.0_112\\bin;C:\\Program Files\\Java\\jdk1.8.0_112\\jre\\bin;C:\\ProgramData\\Oracle\\Java\\javapath;D:\\myprogress\\myJavaDevelop\\Studio\\Android\\sdk\\platform-tools;C:\\Program Files\\Java\\jdk1.8.0_112\\bin;C:\\Windows\\system32;C:\\Windows;C:\\Windows\\System32\\Wbem;C:\\Windows\\System32\\WindowsPowerShell\\v1.0\\;C:\\Program Files (x86)\\AMD\\ATI.ACE\\Core-Static;C:\\ProgramData\\chocolatey\\bin;C:\\tools\\python2;D:\\MySQL\\mysql-5.7.13\\bin;C:\\wnmp\\php;C:\\wnmp\\php\\ext;C:\\Program Files\\Oracle\\VirtualBox;C:\\Program Files (x86)\\OpenVPN\\bin;C:\\Go\\bin;C:\\HashiCorp\\Vagrant\\bin;C:\\Program Files\\nodejs\\;C:\\Program Files\\Git\\cmd;C:\\Users\\Administrator\\AppData\\Roaming\\npm'
    'PATHEXT' => '.COM;.EXE;.BAT;.CMD;.VBS;.VBE;.JS;.JSE;.WSF;.WSH;.MSC'
    'PROCESSOR_ARCHITECTURE' => 'x86'
    'PROCESSOR_ARCHITEW6432' => 'AMD64'
    'PROCESSOR_IDENTIFIER' => 'Intel64 Family 6 Model 94 Stepping 3, GenuineIntel'
    'PROCESSOR_LEVEL' => '6'
    'PROCESSOR_REVISION' => '5e03'
    'ProgramData' => 'C:\\ProgramData'
    'ProgramFiles' => 'C:\\Program Files (x86)'
    'ProgramFiles(x86)' => 'C:\\Program Files (x86)'
    'ProgramW6432' => 'C:\\Program Files'
    'PSModulePath' => 'C:\\Windows\\system32\\WindowsPowerShell\\v1.0\\Modules\\'
    'PUBLIC' => 'C:\\Users\\Public'
    'SESSIONNAME' => 'Console'
    'SystemDrive' => 'C:'
    'SystemRoot' => 'C:\\Windows'
    'TEMP' => 'C:\\Users\\ADMINI~1\\AppData\\Local\\Temp'
    'TMP' => 'C:\\Users\\ADMINI~1\\AppData\\Local\\Temp'
    'USERDOMAIN' => 'dell-PC'
    'USERNAME' => 'Administrator'
    'USERPROFILE' => 'C:\\Users\\Administrator'
    'VBOX_MSI_INSTALL_PATH' => 'C:\\Program Files\\Oracle\\VirtualBox\\'
    'windir' => 'C:\\Windows'
    'windows_tracing_flags' => '3'
    'windows_tracing_logfile' => 'C:\\BVTBin\\Tests\\installpackage\\csilogfile.log'
    'HTTP_ACCEPT_LANGUAGE' => 'zh-CN,zh;q=0.8'
    'HTTP_ACCEPT_ENCODING' => 'gzip, deflate'
    'HTTP_ACCEPT' => 'text/html,application/xhtml+xml,application/xml;q=0.9,image/webp,image/apng,*/*;q=0.8'
    'HTTP_USER_AGENT' => 'Mozilla/5.0 (Windows NT 6.1; WOW64) AppleWebKit/537.36 (KHTML, like Gecko) Chrome/60.0.3112.90 Safari/537.36'
    'HTTP_UPGRADE_INSECURE_REQUESTS' => '1'
    'HTTP_CONNECTION' => 'keep-alive'
    'HTTP_HOST' => 'ysk.elasticui.com'
    'REDIRECT_STATUS' => '200'
    'SERVER_NAME' => 'ysk.elasticui.com'
    'SERVER_PORT' => '80'
    'SERVER_ADDR' => '127.0.0.1'
    'REMOTE_PORT' => '51503'
    'REMOTE_ADDR' => '127.0.0.1'
    'SERVER_SOFTWARE' => 'nginx/1.11.5'
    'GATEWAY_INTERFACE' => 'CGI/1.1'
    'SERVER_PROTOCOL' => 'HTTP/1.1'
    'DOCUMENT_ROOT' => 'E:\\GitHubFiles\\PHP\\logUI'
    'DOCUMENT_URI' => '/web/index.php'
    'REQUEST_URI' => '/web/index.php'
    'SCRIPT_NAME' => '/web/index.php'
    'CONTENT_LENGTH' => ''
    'CONTENT_TYPE' => ''
    'REQUEST_METHOD' => 'GET'
    'QUERY_STRING' => ''
    'PATH_TRANSLATED' => 'E:\\GitHubFiles\\PHP\\logUI'
    'PATH_INFO' => ''
    'SCRIPT_FILENAME' => 'E:\\GitHubFiles\\PHP\\logUI/web/index.php'
    'FCGI_ROLE' => 'RESPONDER'
    'PHP_SELF' => '/web/index.php'
    'REQUEST_TIME_FLOAT' => 1503286465.2123
    'REQUEST_TIME' => 1503286465
]
